e:\桌面碟\專案資料夾\photoegg4.3\pendrawing\x64\release\pendrawing.pch
e:\桌面碟\專案資料夾\photoegg4.3\pendrawing\x64\release\vc142.pdb
e:\桌面碟\專案資料夾\photoegg4.3\pendrawing\x64\release\pch.obj
e:\桌面碟\專案資料夾\photoegg4.3\pendrawing\x64\release\pendrawing.obj
e:\桌面碟\專案資料夾\photoegg4.3\pendrawing\x64\release\assemblyinfo.obj
e:\桌面碟\專案資料夾\photoegg4.3\pendrawing\x64\release\.netframework,version=v4.7.2.assemblyattributes.obj
e:\桌面碟\專案資料夾\photoegg4.3\pendrawing\x64\release\.netframework,version=v4.7.2.assemblyattributes.asm
e:\桌面碟\專案資料夾\photoegg4.3\x64\release\pendrawing.dll
e:\桌面碟\專案資料夾\photoegg4.3\x64\release\pendrawing.pdb
e:\桌面碟\專案資料夾\photoegg4.3\pendrawing\x64\release\app.res
e:\桌面碟\專案資料夾\photoegg4.3\pendrawing\x64\release\pendrawing.vcxprojassemblyreference.cache
e:\桌面碟\專案資料夾\photoegg4.3\pendrawing\x64\release\pendrawing.tlog\cl.command.1.tlog
e:\桌面碟\專案資料夾\photoegg4.3\pendrawing\x64\release\pendrawing.tlog\cl.read.1.tlog
e:\桌面碟\專案資料夾\photoegg4.3\pendrawing\x64\release\pendrawing.tlog\cl.write.1.tlog
e:\桌面碟\專案資料夾\photoegg4.3\pendrawing\x64\release\pendrawing.tlog\link.command.1.tlog
e:\桌面碟\專案資料夾\photoegg4.3\pendrawing\x64\release\pendrawing.tlog\link.read.1.tlog
e:\桌面碟\專案資料夾\photoegg4.3\pendrawing\x64\release\pendrawing.tlog\link.write.1.tlog
e:\桌面碟\專案資料夾\photoegg4.3\pendrawing\x64\release\pendrawing.tlog\metagen.read.1.tlog
e:\桌面碟\專案資料夾\photoegg4.3\pendrawing\x64\release\pendrawing.tlog\metagen.write.1.tlog
e:\桌面碟\專案資料夾\photoegg4.3\pendrawing\x64\release\pendrawing.tlog\rc.command.1.tlog
e:\桌面碟\專案資料夾\photoegg4.3\pendrawing\x64\release\pendrawing.tlog\rc.read.1.tlog
e:\桌面碟\專案資料夾\photoegg4.3\pendrawing\x64\release\pendrawing.tlog\rc.write.1.tlog
